E:\CODE_DIR\INJECTER\INJECTER\DEBUG\INJECTER.PCH
E:\CODE_DIR\INJECTER\INJECTER\DEBUG\STDAFX.OBJ
E:\CODE_DIR\INJECTER\INJECTER\DEBUG\VC110.PDB
E:\CODE_DIR\INJECTER\INJECTER\DEBUG\INJECTER.OBJ
E:\CODE_DIR\INJECTER\DEBUG\INJECTER.ILK
E:\CODE_DIR\INJECTER\DEBUG\INJECTER.EXE
E:\CODE_DIR\INJECTER\DEBUG\INJECTER.PDB
E:\CODE_DIR\Injecter\Injecter\Debug\Injecter.obj
E:\CODE_DIR\Injecter\Injecter\Debug\stdafx.obj
E:\CODE_DIR\Injecter\Injecter\Debug\cl.command.1.tlog
E:\CODE_DIR\Injecter\Injecter\Debug\CL.read.1.tlog
E:\CODE_DIR\Injecter\Injecter\Debug\CL.write.1.tlog
E:\CODE_DIR\Injecter\Injecter\Debug\link-cvtres.read.1.tlog
E:\CODE_DIR\Injecter\Injecter\Debug\link-cvtres.write.1.tlog
E:\CODE_DIR\Injecter\Injecter\Debug\link-rc.read.1.tlog
E:\CODE_DIR\Injecter\Injecter\Debug\link-rc.write.1.tlog
E:\CODE_DIR\Injecter\Injecter\Debug\link.command.1.tlog
E:\CODE_DIR\Injecter\Injecter\Debug\link.read.1.tlog
E:\CODE_DIR\Injecter\Injecter\Debug\link.write.1.tlog
E:\CODE_DIR\Injecter\Injecter\Debug\Injecter.pch
E:\CODE_DIR\Injecter\Injecter\Debug\vc110.idb
E:\CODE_DIR\Injecter\Injecter\Debug\vc110.pdb
E:\CODE_DIR\Injecter\Debug\Injecter.pdb
E:\CODE_DIR\Injecter\Debug\Injecter.exe
E:\CODE_DIR\Injecter\Debug\Injecter.ilk
