E:\CODE_DIR\INJECTER\INJECTER\RELEASE\INJECTER.PCH
E:\CODE_DIR\INJECTER\INJECTER\RELEASE\STDAFX.OBJ
E:\CODE_DIR\INJECTER\INJECTER\RELEASE\VC110.PDB
E:\CODE_DIR\INJECTER\INJECTER\RELEASE\INJECTER.OBJ
E:\CODE_DIR\INJECTER\RELEASE\INJECTER.EXE
E:\CODE_DIR\INJECTER\RELEASE\INJECTER.PDB
E:\CODE_DIR\Injecter\Injecter\Release\Injecter.obj
E:\CODE_DIR\Injecter\Injecter\Release\stdafx.obj
E:\CODE_DIR\Injecter\Injecter\Release\cl.command.1.tlog
E:\CODE_DIR\Injecter\Injecter\Release\CL.read.1.tlog
E:\CODE_DIR\Injecter\Injecter\Release\CL.write.1.tlog
E:\CODE_DIR\Injecter\Injecter\Release\link-cvtres.read.1.tlog
E:\CODE_DIR\Injecter\Injecter\Release\link-cvtres.write.1.tlog
E:\CODE_DIR\Injecter\Injecter\Release\link-rc.read.1.tlog
E:\CODE_DIR\Injecter\Injecter\Release\link-rc.write.1.tlog
E:\CODE_DIR\Injecter\Injecter\Release\link.command.1.tlog
E:\CODE_DIR\Injecter\Injecter\Release\link.read.1.tlog
E:\CODE_DIR\Injecter\Injecter\Release\link.write.1.tlog
E:\CODE_DIR\Injecter\Injecter\Release\Injecter.pch
E:\CODE_DIR\Injecter\Injecter\Release\vc110.pdb
E:\CODE_DIR\Injecter\Release\Injecter.pdb
E:\CODE_DIR\Injecter\Release\Injecter.exe
